Starting Log...
***1587278015918 - Anon moved s23_melodica2.wav
***1587278019288 - Anon moved s23_melodica2.wav
***1587278030764 - Anon moved s23_melodica2.wav
***1587278034426 - Anon moved s23_melodica2.wav
***1587278037331 - Anon moved s23_melodica2.wav
***1587278039908 - Anon moved s23_melodica2.wav
***1587278041892 - Anon moved s21_melodica1.wav
***1587278045284 - Anon moved s21_melodica1.wav
***1587278048663 - Anon moved s23_melodica2.wav
***1587278052485 - Anon moved s14_Sputnik-Beep.wav
***1587278055868 - Anon moved s14_Sputnik-Beep.wav
***1587278057880 - Anon moved s20_melodica1.wav
***1587278060905 - Anon moved s29_brian
***1587278064918 - Anon moved s29_brian
***1587278070285 - Anon moved s29_brian
***1587278073585 - Anon moved s22_melodica2.wav
***1587278078358 - Anon moved s22_melodica2.wav
***1587278080789 - Anon moved s19_s15_How-do-you-Read.wav
***1587278082201 - Anon moved s19_s15_How-do-you-Read.wav
***1587278134438 - Anon moved s20_melodica1.wav
***1587278260340 - brian moved s29_brian
***1587278267728 - brian moved s29_brian
***1587278270841 - brian moved s29_brian
***1587278275914 - brian moved s29_brian
***1587278278363 - brian moved s22_melodica2.wav
***1587278281326 - brian moved s29_brian
***1587278284268 - brian moved s29_brian
***1587278457150 - brian moved s14_Sputnik-Beep.wav
***1587278459405 - brian moved s29_brian
***1587278505096 - br moved s29_brian
***1587278510092 - br moved s22_melodica2.wav
***1587278635681 - br moved s22_melodica2.wav
***1587278705258 - be moved s29_brian
***1587278766353 - br moved s29_brian
***1587278819044 - br moved s22_melodica2.wav
***1587278831608 - bb moved s22_melodica2.wav
***1587278862019 - b moved s22_melodica2.wav
***1587279022544 - b moved s22_melodica2.wav
***1587279026268 - b moved s22_melodica2.wav
***1587279028554 - b moved s22_melodica2.wav
***1587279030688 - b moved s22_melodica2.wav
***1587279032970 - b moved s22_melodica2.wav
***1587279035810 - b moved s22_melodica2.wav
***1587279039018 - b moved s22_melodica2.wav
***1587279042845 - b moved s22_melodica2.wav
***1587279045134 - b moved s22_melodica2.wav
***1587279047224 - b moved s22_melodica2.wav
***1587279049652 - b moved s22_melodica2.wav
***1587279052563 - b moved s22_melodica2.wav
***1587279055704 - b moved s22_melodica2.wav
***1587279106102 - b moved s14_Sputnik-Beep.wav
***1587279112530 - b moved s14_Sputnik-Beep.wav
***1587279119655 - b moved s14_Sputnik-Beep.wav
***1587279133477 - b moved s19_s15_How-do-you-Read.wav
***1587279136797 - b moved s23_melodica2.wav
***1587279140028 - b moved s23_melodica2.wav
***1587279143635 - b moved s23_melodica2.wav
***1587279190488 - b moved s27_bleat.wav
***1587279193860 - b moved s27_bleat.wav
***1587279198294 - b moved s27_bleat.wav
***1587279201933 - b moved s27_bleat.wav
***1587279203707 - b moved s27_bleat.wav
***1587279206680 - b moved s4.m4a
***1587279236558 - b moved s4.m4a
***1587279356208 - b moved s27_bleat.wav
***1587279358533 - b moved s27_bleat.wav
***1587279446195 - b moved s20_melodica1.wav
***1587279469046 - b moved s14_Sputnik-Beep.wav
***1587279478651 - b moved s14_Sputnik-Beep.wav
***1587279480505 - b moved s14_Sputnik-Beep.wav
***1587279482790 - b moved s14_Sputnik-Beep.wav
***1587279486863 - b moved s14_Sputnik-Beep.wav
***1587279613136 - b moved s27_bleat.wav
***1587279616393 - b moved s27_bleat.wav
***1587279621160 - b moved s27_bleat.wav
***1587279626767 - b moved s27_bleat.wav
***1587279629855 - b moved s27_bleat.wav
***1587280091422 - b moved s27_bleat.wav
***1587280093675 - b moved s19_s15_How-do-you-Read.wav
***1587280094925 - b moved s27_bleat.wav
***1587280096168 - b moved s19_s15_How-do-you-Read.wav
***1587280525495 - b moved s21_melodica1.wav
***1587280527331 - b moved s19_s15_How-do-you-Read.wav
***1587280530823 - b moved s27_bleat.wav
***1587280531991 - b moved s29_brian
***1587280533582 - b moved s17_scratch.wav
***1587280540219 - b moved s20_melodica1.wav
***1587280542943 - b moved s20_melodica1.wav
***1587281216853 - brian moved s27_bleat.wav
***1587281218136 - brian moved s14_Sputnik-Beep.wav
***1587281219517 - brian moved s14_Sputnik-Beep.wav
***1587281224031 - brian moved s20_melodica1.wav
***1587281225485 - brian moved s20_melodica1.wav
***1587281230252 - brian moved s20_melodica1.wav
***1587281232072 - brian moved s20_melodica1.wav
***1587281234667 - brian moved s20_melodica1.wav
***1587281245109 - brian moved s20_melodica1.wav
***1587281245820 - brian moved s20_melodica1.wav
***1587281247643 - brian moved s20_melodica1.wav
***1587281251602 - brian moved s20_melodica1.wav
***1587281262026 - brian moved s20_melodica1.wav
***1587281270389 - brian moved s21_melodica1.wav
***1587281272224 - brian moved s21_melodica1.wav
***1587281274728 - brian moved s21_melodica1.wav
***1587281277173 - brian moved s21_melodica1.wav
***1587281279617 - brian moved s21_melodica1.wav
***1587281287661 - brian moved s27_bleat.wav
***1587281302456 - brian moved s27_bleat.wav
***1587281444464 - Anon moved s29_brian
***1587281484517 - b moved s17_scratch.wav
***1587281564497 - b moved s17_scratch.wav
***1587281582452 - b moved s17_scratch.wav
***1587281624994 - b moved s17_scratch.wav
***1587281685518 - b moved s17_scratch.wav
***1587281709747 - b moved s17_scratch.wav
***1587281766653 - b moved s17_scratch.wav
***1587281795406 - b moved s17_scratch.wav
***1587281840478 - b moved s17_scratch.wav
***1587281841785 - b moved s17_scratch.wav
***1587281842937 - b moved s17_scratch.wav
***1587281847094 - b moved s17_scratch.wav
***1587281848741 - b moved s27_bleat.wav
***1587281849929 - b moved s17_scratch.wav
***1587281851849 - b moved s29_brian
***1587281853835 - b moved s29_brian
***1587281855958 - b moved s14_Sputnik-Beep.wav
***1587281857605 - b moved s4.m4a
***1587281859428 - b moved s2.m4a
***1587281861625 - b moved s17_scratch.wav
***1587281863129 - b moved s14_Sputnik-Beep.wav
***1587281864994 - b moved s29_brian
***1587281866552 - b moved s21_melodica1.wav
***1587281868652 - b moved s19_s15_How-do-you-Read.wav
***1587281869904 - b moved s29_brian
***1587281871116 - b moved s27_bleat.wav
***1587281872463 - b moved s14_Sputnik-Beep.wav
***1587281874332 - b moved s21_melodica1.wav
***1587281875684 - b moved s19_s15_How-do-you-Read.wav
***1587281876942 - b moved s17_scratch.wav
***1587281878515 - b moved s29_brian
***1587281880325 - b moved s4.m4a
***1587281882451 - b moved s20_melodica1.wav
***1587281894063 - b moved s14_Sputnik-Beep.wav
***1587281895471 - b moved s21_melodica1.wav
***1587281898173 - b moved s27_bleat.wav
***1587281899648 - b moved s21_melodica1.wav
***1587281900611 - b moved s17_scratch.wav
***1587281902015 - b moved s14_Sputnik-Beep.wav
***1587281902885 - b moved s20_melodica1.wav
***1587281904197 - b moved s20_melodica1.wav
***1587281913764 - b moved s19_s15_How-do-you-Read.wav
***1587281915633 - b moved s2.m4a
***1587281916860 - b moved s29_brian
***1587281918062 - b moved s19_s15_How-do-you-Read.wav
