Starting Log...
steven moved s4_crickets.wav
steven moved s3_s14_Sputnik-Beep.wav
steven moved s2_s2.wav
steven moved s3_s14_Sputnik-Beep.wav
steven moved s4_crickets.wav
ANON moved s3_s14_Sputnik-Beep.wav
Brian Ellis moved s2_s2.wav
Brian Ellis moved s3_s14_Sputnik-Beep.wav
Brian Ellis moved s3_s14_Sputnik-Beep.wav
Brian Ellis moved s2_s2.wav
Brian Ellis moved s4_crickets.wav
Brian Ellis moved s3_s14_Sputnik-Beep.wav
Brian Ellis moved s2_s2.wav
Brian Ellis moved s4_crickets.wav
Brian Ellis moved s3_s14_Sputnik-Beep.wav
Brian Ellis moved s2_s2.wav
Brian Ellis moved s3_s14_Sputnik-Beep.wav
Brian Ellis moved s3_s14_Sputnik-Beep.wav
Brian Ellis moved s3_s14_Sputnik-Beep.wav
Brian Ellis moved s2_s2.wav
Brian Ellis moved s2_s2.wav
Brian Ellis moved s3_s14_Sputnik-Beep.wav
Brian Ellis moved s2_s2.wav
brian moved s3_s14_Sputnik-Beep.wav
brian moved s2_s2.wav
brian moved s3_s14_Sputnik-Beep.wav
brian moved s2_s2.wav
